#-----------------------------------------------------------
# Vivado v2023.2.2 (64-bit)
# SW Build 4126759 on Thu Feb  8 23:53:51 MST 2024
# IP Build 4126054 on Fri Feb  9 11:39:09 MST 2024
# SharedData Build 4115275 on Tue Jan 30 00:40:57 MST 2024
# Start of session at: Fri Jun  7 11:25:36 2024
# Process ID: 9348
# Current directory: C:/Users/user2/Desktop/PROYECTO FINAL
# Command line: vivado.exe -gui_launcher_event rodinguilauncherevent9356 C:\Users\user2\Desktop\PROYECTO FINAL\PROYECTO FINAL.xpr
# Log file: C:/Users/user2/Desktop/PROYECTO FINAL/vivado.log
# Journal file: C:/Users/user2/Desktop/PROYECTO FINAL\vivado.jou
# Running On: funda16, OS: Windows, CPU Frequency: 2112 MHz, CPU Physical cores: 16, Host memory: 33942 MB
#-----------------------------------------------------------
start_gui
open_project {C:/Users/user2/Desktop/PROYECTO FINAL/PROYECTO FINAL.xpr}
WARNING: [Board 49-26] cannot add Board Part xilinx.com:kc705:part0:1.6 available at C:/Xilinx/Vivado/2023.2/data/xhub/boards/XilinxBoardStore/boards/Xilinx/kc705/1.6/board.xml as part xc7k325tffg900-2 specified in board_part file is either invalid or not available
WARNING: [Board 49-26] cannot add Board Part xilinx.com:kcu105:part0:1.6 available at C:/Xilinx/Vivado/2023.2/data/xhub/boards/XilinxBoardStore/boards/Xilinx/kcu105/1.6/board.xml as part xcku040-ffva1156-2-e specified in board_part file is either invalid or not available
WARNING: [Board 49-26] cannot add Board Part xilinx.com:kcu105:part0:1.7 available at C:/Xilinx/Vivado/2023.2/data/xhub/boards/XilinxBoardStore/boards/Xilinx/kcu105/1.7/board.xml as part xcku040-ffva1156-2-e specified in board_part file is either invalid or not available
WARNING: [Board 49-26] cannot add Board Part xilinx.com:kcu1500:part0:1.2 available at C:/Xilinx/Vivado/2023.2/data/xhub/boards/XilinxBoardStore/boards/Xilinx/kcu1500/1.2/board.xml as part xcku115-flvb2104-2-e specified in board_part file is either invalid or not available
WARNING: [Board 49-26] cannot add Board Part xilinx.com:vc707:part0:1.4 available at C:/Xilinx/Vivado/2023.2/data/xhub/boards/XilinxBoardStore/boards/Xilinx/vc707/1.4/board.xml as part xc7vx485tffg1761-2 specified in board_part file is either invalid or not available
WARNING: [Board 49-26] cannot add Board Part xilinx.com:vc709:part0:1.8 available at C:/Xilinx/Vivado/2023.2/data/xhub/boards/XilinxBoardStore/boards/Xilinx/vc709/1.8/board.xml as part xc7vx690tffg1761-2 specified in board_part file is either invalid or not available
WARNING: [Board 49-26] cannot add Board Part xilinx.com:vck190:part0:2.2 available at C:/Xilinx/Vivado/2023.2/data/xhub/boards/XilinxBoardStore/boards/Xilinx/vck190/production/2.2/board.xml as part xcvc1902-vsva2197-2mp-e-s specified in board_part file is either invalid or not available
WARNING: [Board 49-26] cannot add Board Part xilinx.com:vck190:part0:3.0 available at C:/Xilinx/Vivado/2023.2/data/xhub/boards/XilinxBoardStore/boards/Xilinx/vck190/production/3.0/board.xml as part xcvc1902-vsva2197-2mp-e-s specified in board_part file is either invalid or not available
WARNING: [Board 49-26] cannot add Board Part xilinx.com:vck190:part0:3.1 available at C:/Xilinx/Vivado/2023.2/data/xhub/boards/XilinxBoardStore/boards/Xilinx/vck190/production/3.1/board.xml as part xcvc1902-vsva2197-2mp-e-s specified in board_part file is either invalid or not available
WARNING: [Board 49-26] cannot add Board Part xilinx.com:vck190:part0:3.2 available at C:/Xilinx/Vivado/2023.2/data/xhub/boards/XilinxBoardStore/boards/Xilinx/vck190/production/3.2/board.xml as part xcvc1902-vsva2197-2mp-e-s specified in board_part file is either invalid or not available
WARNING: [Board 49-26] cannot add Board Part xilinx.com:vck190_newl:part0:1.0 available at C:/Xilinx/Vivado/2023.2/data/xhub/boards/XilinxBoardStore/boards/Xilinx/vck190_newl/production/1.0/board.xml as part xcvc1902-vsva2197-2mp-e-s specified in board_part file is either invalid or not available
WARNING: [Board 49-26] cannot add Board Part xilinx.com:vck190_newl:part0:1.1 available at C:/Xilinx/Vivado/2023.2/data/xhub/boards/XilinxBoardStore/boards/Xilinx/vck190_newl/production/1.1/board.xml as part xcvc1902-vsva2197-2mp-e-s specified in board_part file is either invalid or not available
WARNING: [Board 49-26] cannot add Board Part xilinx.com:vcu108:part0:1.6 available at C:/Xilinx/Vivado/2023.2/data/xhub/boards/XilinxBoardStore/boards/Xilinx/vcu108/1.6/board.xml as part xcvu095-ffva2104-2-e specified in board_part file is either invalid or not available
WARNING: [Board 49-26] cannot add Board Part xilinx.com:vcu108:part0:1.7 available at C:/Xilinx/Vivado/2023.2/data/xhub/boards/XilinxBoardStore/boards/Xilinx/vcu108/1.7/board.xml as part xcvu095-ffva2104-2-e specified in board_part file is either invalid or not available
WARNING: [Board 49-26] cannot add Board Part xilinx.com:vcu110:part0:1.4 available at C:/Xilinx/Vivado/2023.2/data/xhub/boards/XilinxBoardStore/boards/Xilinx/vcu110/1.4/board.xml as part xcvu190-flgc2104-2-e specified in board_part file is either invalid or not available
WARNING: [Board 49-26] cannot add Board Part xilinx.com:vcu118:part0:2.0 available at C:/Xilinx/Vivado/2023.2/data/xhub/boards/XilinxBoardStore/boards/Xilinx/vcu118/2.0/board.xml as part xcvu9p-flga2104-2l-e specified in board_part file is either invalid or not available
WARNING: [Board 49-26] cannot add Board Part xilinx.com:vcu118:part0:2.3 available at C:/Xilinx/Vivado/2023.2/data/xhub/boards/XilinxBoardStore/boards/Xilinx/vcu118/2.3/board.xml as part xcvu9p-flga2104-2l-e specified in board_part file is either invalid or not available
WARNING: [Board 49-26] cannot add Board Part xilinx.com:vcu118:part0:2.4 available at C:/Xilinx/Vivado/2023.2/data/xhub/boards/XilinxBoardStore/boards/Xilinx/vcu118/2.4/board.xml as part xcvu9p-flga2104-2l-e specified in board_part file is either invalid or not available
WARNING: [Board 49-26] cannot add Board Part xilinx.com:vcu129:part0:1.0 available at C:/Xilinx/Vivado/2023.2/data/xhub/boards/XilinxBoardStore/boards/Xilinx/vcu129/production/1.0/board.xml as part xcvu29p-fsga2577-2l-e specified in board_part file is either invalid or not available
WARNING: [Board 49-26] cannot add Board Part xilinx.com:vcu1525:part0:1.3 available at C:/Xilinx/Vivado/2023.2/data/xhub/boards/XilinxBoardStore/boards/Xilinx/vcu1525/1.3/board.xml as part xcvu9p-fsgd2104-2l-e specified in board_part file is either invalid or not available
WARNING: [Board 49-26] cannot add Board Part xilinx.com:vek280:part0:1.0 available at C:/Xilinx/Vivado/2023.2/data/xhub/boards/XilinxBoardStore/boards/Xilinx/vek280/production/1.0/board.xml as part xcve2802-vsvh1760-2mp-e-s specified in board_part file is either invalid or not available
WARNING: [Board 49-26] cannot add Board Part xilinx.com:vek280_es:part0:1.0 available at C:/Xilinx/Vivado/2023.2/data/xhub/boards/XilinxBoardStore/boards/Xilinx/vek280/es/rev_a/1.0/board.xml as part xcve2802-vsvh1760-2lp-e-s-es1 specified in board_part file is either invalid or not available
WARNING: [Board 49-26] cannot add Board Part xilinx.com:vek280_es:part0:1.1 available at C:/Xilinx/Vivado/2023.2/data/xhub/boards/XilinxBoardStore/boards/Xilinx/vek280/es/rev_a/1.1/board.xml as part xcve2802-vsvh1760-2lp-e-s-es1 specified in board_part file is either invalid or not available
WARNING: [Board 49-26] cannot add Board Part xilinx.com:vek280_es_revb:part0:1.0 available at C:/Xilinx/Vivado/2023.2/data/xhub/boards/XilinxBoardStore/boards/Xilinx/vek280/es/rev_b/1.0/board.xml as part xcve2802-vsvh1760-2mp-e-s-es1 specified in board_part file is either invalid or not available
WARNING: [Board 49-26] cannot add Board Part xilinx.com:vek280_es_revb:part0:1.1 available at C:/Xilinx/Vivado/2023.2/data/xhub/boards/XilinxBoardStore/boards/Xilinx/vek280/es/rev_b/1.1/board.xml as part xcve2802-vsvh1760-2mp-e-s-es1 specified in board_part file is either invalid or not available
WARNING: [Board 49-26] cannot add Board Part xilinx.com:vermeo_t1_mpsoc:part0:1.0 available at C:/Xilinx/Vivado/2023.2/data/xhub/boards/XilinxBoardStore/boards/Xilinx/vermeo_t1_mpsoc/1.0/board.xml as part xczu19eg-ffvd1760-2l-e specified in board_part file is either invalid or not available
WARNING: [Board 49-26] cannot add Board Part xilinx.com:vermeo_t1_rfsoc:part0:1.0 available at C:/Xilinx/Vivado/2023.2/data/xhub/boards/XilinxBoardStore/boards/Xilinx/vermeo_t1_rfsoc/1.0/board.xml as part xczu21dr-ffvd1156-2l-e specified in board_part file is either invalid or not available
WARNING: [Board 49-26] cannot add Board Part xilinx.com:vhk158:part0:1.0 available at C:/Xilinx/Vivado/2023.2/data/xhub/boards/XilinxBoardStore/boards/Xilinx/vhk158/production/1.0/board.xml as part xcvh1582-vsva3697-2mp-e-s specified in board_part file is either invalid or not available
WARNING: [Board 49-26] cannot add Board Part xilinx.com:vhk158:part0:1.1 available at C:/Xilinx/Vivado/2023.2/data/xhub/boards/XilinxBoardStore/boards/Xilinx/vhk158/production/1.1/board.xml as part xcvh1582-vsva3697-2mp-e-s specified in board_part file is either invalid or not available
WARNING: [Board 49-26] cannot add Board Part xilinx.com:vhk158_es:part0:1.0 available at C:/Xilinx/Vivado/2023.2/data/xhub/boards/XilinxBoardStore/boards/Xilinx/vhk158/es/1.0/board.xml as part xcvh1582-vsva3697-2mp-e-s-es1 specified in board_part file is either invalid or not available
WARNING: [Board 49-26] cannot add Board Part xilinx.com:vhk158_es:part0:1.1 available at C:/Xilinx/Vivado/2023.2/data/xhub/boards/XilinxBoardStore/boards/Xilinx/vhk158/es/1.1/board.xml as part xcvh1582-vsva3697-2mp-e-s-es1 specified in board_part file is either invalid or not available
WARNING: [Board 49-26] cannot add Board Part xilinx.com:vmk180:part0:2.2 available at C:/Xilinx/Vivado/2023.2/data/xhub/boards/XilinxBoardStore/boards/Xilinx/vmk180/production/2.2/board.xml as part xcvm1802-vsva2197-2mp-e-s specified in board_part file is either invalid or not available
WARNING: [Board 49-26] cannot add Board Part xilinx.com:vmk180:part0:3.0 available at C:/Xilinx/Vivado/2023.2/data/xhub/boards/XilinxBoardStore/boards/Xilinx/vmk180/production/3.0/board.xml as part xcvm1802-vsva2197-2mp-e-s specified in board_part file is either invalid or not available
WARNING: [Board 49-26] cannot add Board Part xilinx.com:vmk180:part0:3.1 available at C:/Xilinx/Vivado/2023.2/data/xhub/boards/XilinxBoardStore/boards/Xilinx/vmk180/production/3.1/board.xml as part xcvm1802-vsva2197-2mp-e-s specified in board_part file is either invalid or not available
WARNING: [Board 49-26] cannot add Board Part xilinx.com:vmk180:part0:3.2 available at C:/Xilinx/Vivado/2023.2/data/xhub/boards/XilinxBoardStore/boards/Xilinx/vmk180/production/3.2/board.xml as part xcvm1802-vsva2197-2mp-e-s specified in board_part file is either invalid or not available
WARNING: [Board 49-26] cannot add Board Part xilinx.com:vmk180_newl:part0:1.0 available at C:/Xilinx/Vivado/2023.2/data/xhub/boards/XilinxBoardStore/boards/Xilinx/vmk180_newl/production/1.0/board.xml as part xcvm1802-vsva2197-2mp-e-s specified in board_part file is either invalid or not available
WARNING: [Board 49-26] cannot add Board Part xilinx.com:vmk180_newl:part0:1.1 available at C:/Xilinx/Vivado/2023.2/data/xhub/boards/XilinxBoardStore/boards/Xilinx/vmk180_newl/production/1.1/board.xml as part xcvm1802-vsva2197-2mp-e-s specified in board_part file is either invalid or not available
WARNING: [Board 49-26] cannot add Board Part xilinx.com:vpk120:part0:1.0 available at C:/Xilinx/Vivado/2023.2/data/xhub/boards/XilinxBoardStore/boards/Xilinx/vpk120/production/1.0/board.xml as part xcvp1202-vsva2785-2mp-e-s specified in board_part file is either invalid or not available
WARNING: [Board 49-26] cannot add Board Part xilinx.com:vpk120:part0:1.1 available at C:/Xilinx/Vivado/2023.2/data/xhub/boards/XilinxBoardStore/boards/Xilinx/vpk120/production/1.1/board.xml as part xcvp1202-vsva2785-2mp-e-s specified in board_part file is either invalid or not available
WARNING: [Board 49-26] cannot add Board Part xilinx.com:vpk120:part0:1.2 available at C:/Xilinx/Vivado/2023.2/data/xhub/boards/XilinxBoardStore/boards/Xilinx/vpk120/production/1.2/board.xml as part xcvp1202-vsva2785-2mp-e-s specified in board_part file is either invalid or not available
WARNING: [Board 49-26] cannot add Board Part xilinx.com:vpk180:part0:1.0 available at C:/Xilinx/Vivado/2023.2/data/xhub/boards/XilinxBoardStore/boards/Xilinx/vpk180/production/1.0/board.xml as part xcvp1802-lsvc4072-2mp-e-s specified in board_part file is either invalid or not available
WARNING: [Board 49-26] cannot add Board Part xilinx.com:vpk180:part0:1.1 available at C:/Xilinx/Vivado/2023.2/data/xhub/boards/XilinxBoardStore/boards/Xilinx/vpk180/production/1.1/board.xml as part xcvp1802-lsvc4072-2mp-e-s specified in board_part file is either invalid or not available
WARNING: [Board 49-26] cannot add Board Part xilinx.com:vpk180:part0:1.2 available at C:/Xilinx/Vivado/2023.2/data/xhub/boards/XilinxBoardStore/boards/Xilinx/vpk180/production/1.2/board.xml as part xcvp1802-lsvc4072-2mp-e-s specified in board_part file is either invalid or not available
WARNING: [Board 49-26] cannot add Board Part xilinx.com:zc706:part0:1.4 available at C:/Xilinx/Vivado/2023.2/data/xhub/boards/XilinxBoardStore/boards/Xilinx/zc706/1.4/board.xml as part xc7z045ffg900-2 specified in board_part file is either invalid or not available
WARNING: [Board 49-26] cannot add Board Part xilinx.com:zcu102:part0:3.3 available at C:/Xilinx/Vivado/2023.2/data/xhub/boards/XilinxBoardStore/boards/Xilinx/zcu102/3.3/board.xml as part xczu9eg-ffvb1156-2-e specified in board_part file is either invalid or not available
WARNING: [Board 49-26] cannot add Board Part xilinx.com:zcu102:part0:3.4 available at C:/Xilinx/Vivado/2023.2/data/xhub/boards/XilinxBoardStore/boards/Xilinx/zcu102/3.4/board.xml as part xczu9eg-ffvb1156-2-e specified in board_part file is either invalid or not available
WARNING: [Board 49-26] cannot add Board Part xilinx.com:zcu111:part0:1.2 available at C:/Xilinx/Vivado/2023.2/data/xhub/boards/XilinxBoardStore/boards/Xilinx/zcu111/1.2/board.xml as part xczu28dr-ffvg1517-2-e specified in board_part file is either invalid or not available
WARNING: [Board 49-26] cannot add Board Part xilinx.com:zcu111:part0:1.3 available at C:/Xilinx/Vivado/2023.2/data/xhub/boards/XilinxBoardStore/boards/Xilinx/zcu111/1.3/board.xml as part xczu28dr-ffvg1517-2-e specified in board_part file is either invalid or not available
WARNING: [Board 49-26] cannot add Board Part xilinx.com:zcu111:part0:1.4 available at C:/Xilinx/Vivado/2023.2/data/xhub/boards/XilinxBoardStore/boards/Xilinx/zcu111/1.4/board.xml as part xczu28dr-ffvg1517-2-e specified in board_part file is either invalid or not available
WARNING: [Board 49-26] cannot add Board Part xilinx.com:zcu1275:part0:1.0 available at C:/Xilinx/Vivado/2023.2/data/xhub/boards/XilinxBoardStore/boards/Xilinx/zcu1275/1.0/board.xml as part xczu29dr-ffvf1760-2-e specified in board_part file is either invalid or not available
WARNING: [Board 49-26] cannot add Board Part xilinx.com:zcu1285:part0:1.0 available at C:/Xilinx/Vivado/2023.2/data/xhub/boards/XilinxBoardStore/boards/Xilinx/zcu1285/1.0/board.xml as part xczu39dr-ffvf1760-2-i specified in board_part file is either invalid or not available
WARNING: [Board 49-26] cannot add Board Part xilinx.com:zcu208:part0:2.0 available at C:/Xilinx/Vivado/2023.2/data/xhub/boards/XilinxBoardStore/boards/Xilinx/zcu208/production/2.0/board.xml as part xczu48dr-fsvg1517-2-e specified in board_part file is either invalid or not available
WARNING: [Board 49-26] cannot add Board Part xilinx.com:zcu208ld:part0:2.0 available at C:/Xilinx/Vivado/2023.2/data/xhub/boards/XilinxBoardStore/boards/Xilinx/zcu208ld/production/2.0/board.xml as part xczu58dr-fsvg1517-2-i specified in board_part file is either invalid or not available
WARNING: [Board 49-26] cannot add Board Part xilinx.com:zcu216:part0:2.0 available at C:/Xilinx/Vivado/2023.2/data/xhub/boards/XilinxBoardStore/boards/Xilinx/zcu216/production/2.0/board.xml as part xczu49dr-ffvf1760-2-e specified in board_part file is either invalid or not available
WARNING: [Board 49-26] cannot add Board Part xilinx.com:zcu216ld:part0:2.0 available at C:/Xilinx/Vivado/2023.2/data/xhub/boards/XilinxBoardStore/boards/Xilinx/zcu216ld/production/2.0/board.xml as part xczu59dr-ffvf1760-2-i specified in board_part file is either invalid or not available
WARNING: [Board 49-26] cannot add Board Part xilinx.com:zcu670:part0:2.0 available at C:/Xilinx/Vivado/2023.2/data/xhub/boards/XilinxBoardStore/boards/Xilinx/zcu670/2.0/board.xml as part xczu67dr-fsve1156-2-i specified in board_part file is either invalid or not available
WARNING: [Board 49-26] cannot add Board Part xilinx.com:zcu670ld:part0:1.0 available at C:/Xilinx/Vivado/2023.2/data/xhub/boards/XilinxBoardStore/boards/Xilinx/zcu670ld/1.0/board.xml as part xczu57dr-fsve1156-2-i specified in board_part file is either invalid or not available
INFO: [filemgmt 56-3] Default IP Output Path : Could not find the directory 'C:/Users/user2/Desktop/PROYECTO FINAL/PROYECTO FINAL.gen/sources_1'.
Scanning sources...
Finished scanning sources
INFO: [IP_Flow 19-234] Refreshing IP repositories
INFO: [IP_Flow 19-1704] No user IP repositories specified
INFO: [IP_Flow 19-2313] Loaded Vivado IP repository 'C:/Xilinx/Vivado/2023.2/data/ip'.
update_compile_order -fileset sources_1
reset_run synth_1
INFO: [Project 1-1161] Replacing file C:/Users/user2/Desktop/PROYECTO FINAL/PROYECTO FINAL.srcs/utils_1/imports/synth_1/IR_Sensor.dcp with file C:/Users/user2/Desktop/PROYECTO FINAL/PROYECTO FINAL.runs/synth_1/main.dcp
launch_runs impl_1 -to_step write_bitstream -jobs 12
[Fri Jun  7 11:26:08 2024] Launched synth_1...
Run output will be captured here: C:/Users/user2/Desktop/PROYECTO FINAL/PROYECTO FINAL.runs/synth_1/runme.log
[Fri Jun  7 11:26:08 2024] Launched impl_1...
Run output will be captured here: C:/Users/user2/Desktop/PROYECTO FINAL/PROYECTO FINAL.runs/impl_1/runme.log
open_hw_manager
connect_hw_server -allow_non_jtag
INFO: [Labtools 27-2285] Connecting to hw_server url TCP:localhost:3121
INFO: [Labtools 27-2222] Launching hw_server...
INFO: [Labtools 27-2221] Launch Output:
ECHO est  desactivado.
ECHO est  desactivado.

****** Xilinx hw_server v2023.2.2
  **** Build date : Feb  9 2024 at 01:13:10
    ** Copyright 1986-2022 Xilinx, Inc. All Rights Reserved.


INFO: [Labtools 27-3415] Connecting to cs_server url TCP:localhost:0
INFO: [Labtools 27-3417] Launching cs_server...
INFO: [Labtools 27-2221] Launch Output:
ECHO est  desactivado.
ECHO est  desactivado.


******** Xilinx cs_server v2023.2.0
  ****** Build date   : Oct 10 2023-06:01:56
    **** Build number : 2023.2.1696910516
      ** Copyright 2017-2022 Xilinx, Inc. All Rights Reserved.
      ** Copyright 2022-2024 Advanced Micro Devices, Inc. All Rights Reserved.



connect_hw_server: Time (s): cpu = 00:00:00 ; elapsed = 00:00:05 . Memory (MB): peak = 1906.055 ; gain = 0.000
open_hw_target
INFO: [Labtoolstcl 44-466] Opening hw_target localhost:3121/xilinx_tcf/Digilent/210183A8A7ACA
set_property PROGRAM.FILE {C:/Users/user2/Desktop/PROYECTO FINAL/PROYECTO FINAL.runs/impl_1/main.bit} [get_hw_devices xc7a35t_0]
current_hw_device [get_hw_devices xc7a35t_0]
refresh_hw_device -update_hw_probes false [lindex [get_hw_devices xc7a35t_0] 0]
INFO: [Labtools 27-1434] Device xc7a35t (JTAG device index = 0) is programmed with a design that has no supported debug core(s) in it.
set_property PROBES.FILE {} [get_hw_devices xc7a35t_0]
set_property FULL_PROBES.FILE {} [get_hw_devices xc7a35t_0]
set_property PROGRAM.FILE {C:/Users/user2/Desktop/PROYECTO FINAL/PROYECTO FINAL.runs/impl_1/main.bit} [get_hw_devices xc7a35t_0]
program_hw_devices [get_hw_devices xc7a35t_0]
INFO: [Labtools 27-3164] End of startup status: HIGH
refresh_hw_device [lindex [get_hw_devices xc7a35t_0] 0]
INFO: [Labtools 27-1434] Device xc7a35t (JTAG device index = 0) is programmed with a design that has no supported debug core(s) in it.
reset_run synth_1
INFO: [Project 1-1161] Replacing file C:/Users/user2/Desktop/PROYECTO FINAL/PROYECTO FINAL.srcs/utils_1/imports/synth_1/IR_Sensor.dcp with file C:/Users/user2/Desktop/PROYECTO FINAL/PROYECTO FINAL.runs/synth_1/main.dcp
launch_runs impl_1 -to_step write_bitstream -jobs 12
[Fri Jun  7 11:28:45 2024] Launched synth_1...
Run output will be captured here: C:/Users/user2/Desktop/PROYECTO FINAL/PROYECTO FINAL.runs/synth_1/runme.log
[Fri Jun  7 11:28:45 2024] Launched impl_1...
Run output will be captured here: C:/Users/user2/Desktop/PROYECTO FINAL/PROYECTO FINAL.runs/impl_1/runme.log
set_property PROBES.FILE {} [get_hw_devices xc7a35t_0]
set_property FULL_PROBES.FILE {} [get_hw_devices xc7a35t_0]
set_property PROGRAM.FILE {C:/Users/user2/Desktop/PROYECTO FINAL/PROYECTO FINAL.runs/impl_1/main.bit} [get_hw_devices xc7a35t_0]
program_hw_devices [get_hw_devices xc7a35t_0]
INFO: [Labtools 27-3164] End of startup status: HIGH
refresh_hw_device [lindex [get_hw_devices xc7a35t_0] 0]
INFO: [Labtools 27-1434] Device xc7a35t (JTAG device index = 0) is programmed with a design that has no supported debug core(s) in it.
set_property PROBES.FILE {} [get_hw_devices xc7a35t_0]
set_property FULL_PROBES.FILE {} [get_hw_devices xc7a35t_0]
set_property PROGRAM.FILE {C:/Users/user2/Desktop/PROYECTO FINAL/PROYECTO FINAL.runs/impl_1/main.bit} [get_hw_devices xc7a35t_0]
program_hw_devices [get_hw_devices xc7a35t_0]
INFO: [Labtools 27-3164] End of startup status: HIGH
refresh_hw_device [lindex [get_hw_devices xc7a35t_0] 0]
INFO: [Labtools 27-1434] Device xc7a35t (JTAG device index = 0) is programmed with a design that has no supported debug core(s) in it.
set_property PROBES.FILE {} [get_hw_devices xc7a35t_0]
set_property FULL_PROBES.FILE {} [get_hw_devices xc7a35t_0]
set_property PROGRAM.FILE {C:/Users/user2/Desktop/PROYECTO FINAL/PROYECTO FINAL.runs/impl_1/main.bit} [get_hw_devices xc7a35t_0]
program_hw_devices [get_hw_devices xc7a35t_0]
INFO: [Labtools 27-3164] End of startup status: HIGH
refresh_hw_device [lindex [get_hw_devices xc7a35t_0] 0]
INFO: [Labtools 27-1434] Device xc7a35t (JTAG device index = 0) is programmed with a design that has no supported debug core(s) in it.
reset_run synth_1
INFO: [Project 1-1161] Replacing file C:/Users/user2/Desktop/PROYECTO FINAL/PROYECTO FINAL.srcs/utils_1/imports/synth_1/IR_Sensor.dcp with file C:/Users/user2/Desktop/PROYECTO FINAL/PROYECTO FINAL.runs/synth_1/main.dcp
launch_runs impl_1 -to_step write_bitstream -jobs 12
[Fri Jun  7 11:33:29 2024] Launched synth_1...
Run output will be captured here: C:/Users/user2/Desktop/PROYECTO FINAL/PROYECTO FINAL.runs/synth_1/runme.log
[Fri Jun  7 11:33:29 2024] Launched impl_1...
Run output will be captured here: C:/Users/user2/Desktop/PROYECTO FINAL/PROYECTO FINAL.runs/impl_1/runme.log
set_property PROBES.FILE {} [get_hw_devices xc7a35t_0]
set_property FULL_PROBES.FILE {} [get_hw_devices xc7a35t_0]
set_property PROGRAM.FILE {C:/Users/user2/Desktop/PROYECTO FINAL/PROYECTO FINAL.runs/impl_1/main.bit} [get_hw_devices xc7a35t_0]
program_hw_devices [get_hw_devices xc7a35t_0]
INFO: [Labtools 27-3164] End of startup status: HIGH
refresh_hw_device [lindex [get_hw_devices xc7a35t_0] 0]
INFO: [Labtools 27-1434] Device xc7a35t (JTAG device index = 0) is programmed with a design that has no supported debug core(s) in it.
reset_run synth_1
INFO: [Project 1-1161] Replacing file C:/Users/user2/Desktop/PROYECTO FINAL/PROYECTO FINAL.srcs/utils_1/imports/synth_1/IR_Sensor.dcp with file C:/Users/user2/Desktop/PROYECTO FINAL/PROYECTO FINAL.runs/synth_1/main.dcp
launch_runs impl_1 -to_step write_bitstream -jobs 12
[Fri Jun  7 11:38:25 2024] Launched synth_1...
Run output will be captured here: C:/Users/user2/Desktop/PROYECTO FINAL/PROYECTO FINAL.runs/synth_1/runme.log
[Fri Jun  7 11:38:25 2024] Launched impl_1...
Run output will be captured here: C:/Users/user2/Desktop/PROYECTO FINAL/PROYECTO FINAL.runs/impl_1/runme.log
set_property PROBES.FILE {} [get_hw_devices xc7a35t_0]
set_property FULL_PROBES.FILE {} [get_hw_devices xc7a35t_0]
set_property PROGRAM.FILE {C:/Users/user2/Desktop/PROYECTO FINAL/PROYECTO FINAL.runs/impl_1/main.bit} [get_hw_devices xc7a35t_0]
program_hw_devices [get_hw_devices xc7a35t_0]
INFO: [Labtools 27-3164] End of startup status: HIGH
refresh_hw_device [lindex [get_hw_devices xc7a35t_0] 0]
INFO: [Labtools 27-1434] Device xc7a35t (JTAG device index = 0) is programmed with a design that has no supported debug core(s) in it.
reset_run synth_1
INFO: [Project 1-1161] Replacing file C:/Users/user2/Desktop/PROYECTO FINAL/PROYECTO FINAL.srcs/utils_1/imports/synth_1/IR_Sensor.dcp with file C:/Users/user2/Desktop/PROYECTO FINAL/PROYECTO FINAL.runs/synth_1/main.dcp
launch_runs impl_1 -to_step write_bitstream -jobs 12
[Fri Jun  7 11:40:51 2024] Launched synth_1...
Run output will be captured here: C:/Users/user2/Desktop/PROYECTO FINAL/PROYECTO FINAL.runs/synth_1/runme.log
[Fri Jun  7 11:40:51 2024] Launched impl_1...
Run output will be captured here: C:/Users/user2/Desktop/PROYECTO FINAL/PROYECTO FINAL.runs/impl_1/runme.log
set_property PROBES.FILE {} [get_hw_devices xc7a35t_0]
set_property FULL_PROBES.FILE {} [get_hw_devices xc7a35t_0]
set_property PROGRAM.FILE {C:/Users/user2/Desktop/PROYECTO FINAL/PROYECTO FINAL.runs/impl_1/main.bit} [get_hw_devices xc7a35t_0]
program_hw_devices [get_hw_devices xc7a35t_0]
INFO: [Labtools 27-3164] End of startup status: HIGH
refresh_hw_device [lindex [get_hw_devices xc7a35t_0] 0]
INFO: [Labtools 27-1434] Device xc7a35t (JTAG device index = 0) is programmed with a design that has no supported debug core(s) in it.
reset_run synth_1
INFO: [Project 1-1161] Replacing file C:/Users/user2/Desktop/PROYECTO FINAL/PROYECTO FINAL.srcs/utils_1/imports/synth_1/IR_Sensor.dcp with file C:/Users/user2/Desktop/PROYECTO FINAL/PROYECTO FINAL.runs/synth_1/main.dcp
launch_runs impl_1 -to_step write_bitstream -jobs 12
[Fri Jun  7 11:46:14 2024] Launched synth_1...
Run output will be captured here: C:/Users/user2/Desktop/PROYECTO FINAL/PROYECTO FINAL.runs/synth_1/runme.log
[Fri Jun  7 11:46:14 2024] Launched impl_1...
Run output will be captured here: C:/Users/user2/Desktop/PROYECTO FINAL/PROYECTO FINAL.runs/impl_1/runme.log
set_property PROBES.FILE {} [get_hw_devices xc7a35t_0]
set_property FULL_PROBES.FILE {} [get_hw_devices xc7a35t_0]
set_property PROGRAM.FILE {C:/Users/user2/Desktop/PROYECTO FINAL/PROYECTO FINAL.runs/impl_1/main.bit} [get_hw_devices xc7a35t_0]
program_hw_devices [get_hw_devices xc7a35t_0]
INFO: [Labtools 27-3164] End of startup status: HIGH
refresh_hw_device [lindex [get_hw_devices xc7a35t_0] 0]
INFO: [Labtools 27-1434] Device xc7a35t (JTAG device index = 0) is programmed with a design that has no supported debug core(s) in it.
close [ open {C:/Users/user2/Desktop/PROYECTO FINAL/PROYECTO FINAL.srcs/sources_1/new/contador_entrada.vhd} w ]
add_files {{C:/Users/user2/Desktop/PROYECTO FINAL/PROYECTO FINAL.srcs/sources_1/new/contador_entrada.vhd}}
WARNING: [filemgmt 56-199] Attempt to get parsing info during refresh. "On-the-fly" syntax checking information may be incorrect. [C:\Users\user2\Desktop\PROYECTO FINAL\PROYECTO FINAL.srcs\sources_1\new\Counter.vhd:]
WARNING: [filemgmt 56-199] Attempt to get parsing info during refresh. "On-the-fly" syntax checking information may be incorrect. [C:\Users\user2\Desktop\PROYECTO FINAL\PROYECTO FINAL.srcs\sources_1\new\main.vhd:]
ERROR: [Common 17-180] Spawn failed: No error
update_compile_order -fileset sources_1
WARNING: [filemgmt 56-199] Attempt to get parsing info during refresh. "On-the-fly" syntax checking information may be incorrect. [C:\Users\user2\Desktop\PROYECTO FINAL\PROYECTO FINAL.srcs\sources_1\new\Counter.vhd:]
WARNING: [filemgmt 56-199] Attempt to get parsing info during refresh. "On-the-fly" syntax checking information may be incorrect. [C:\Users\user2\Desktop\PROYECTO FINAL\PROYECTO FINAL.srcs\sources_1\new\main.vhd:]
ERROR: [Common 17-180] Spawn failed: No error
WARNING: [filemgmt 56-199] Attempt to get parsing info during refresh. "On-the-fly" syntax checking information may be incorrect. [C:\Users\user2\Desktop\PROYECTO FINAL\PROYECTO FINAL.srcs\sources_1\new\contador_entrada.vhd:]
WARNING: [filemgmt 56-199] Attempt to get parsing info during refresh. "On-the-fly" syntax checking information may be incorrect. [C:\Users\user2\Desktop\PROYECTO FINAL\PROYECTO FINAL.srcs\sources_1\new\Counter.vhd:]
WARNING: [filemgmt 56-199] Attempt to get parsing info during refresh. "On-the-fly" syntax checking information may be incorrect. [C:\Users\user2\Desktop\PROYECTO FINAL\PROYECTO FINAL.srcs\sources_1\new\main.vhd:]
WARNING: [filemgmt 56-199] Attempt to get parsing info during refresh. "On-the-fly" syntax checking information may be incorrect. [C:\Users\user2\Desktop\PROYECTO FINAL\PROYECTO FINAL.srcs\sources_1\new\contador_entrada.vhd:]
WARNING: [filemgmt 56-199] Attempt to get parsing info during refresh. "On-the-fly" syntax checking information may be incorrect. [C:\Users\user2\Desktop\PROYECTO FINAL\PROYECTO FINAL.srcs\sources_1\new\Counter.vhd:]
WARNING: [filemgmt 56-199] Attempt to get parsing info during refresh. "On-the-fly" syntax checking information may be incorrect. [C:\Users\user2\Desktop\PROYECTO FINAL\PROYECTO FINAL.srcs\sources_1\new\main.vhd:]
WARNING: [filemgmt 56-199] Attempt to get parsing info during refresh. "On-the-fly" syntax checking information may be incorrect. [C:\Users\user2\Desktop\PROYECTO FINAL\PROYECTO FINAL.srcs\sources_1\new\contador_entrada.vhd:]
WARNING: [filemgmt 56-199] Attempt to get parsing info during refresh. "On-the-fly" syntax checking information may be incorrect. [C:\Users\user2\Desktop\PROYECTO FINAL\PROYECTO FINAL.srcs\sources_1\new\Counter.vhd:]
WARNING: [filemgmt 56-199] Attempt to get parsing info during refresh. "On-the-fly" syntax checking information may be incorrect. [C:\Users\user2\Desktop\PROYECTO FINAL\PROYECTO FINAL.srcs\sources_1\new\main.vhd:]
ERROR: [Common 17-180] Spawn failed: No error
WARNING: [filemgmt 56-199] Attempt to get parsing info during refresh. "On-the-fly" syntax checking information may be incorrect. [C:\Users\user2\Desktop\PROYECTO FINAL\PROYECTO FINAL.srcs\sources_1\new\contador_entrada.vhd:]
WARNING: [filemgmt 56-199] Attempt to get parsing info during refresh. "On-the-fly" syntax checking information may be incorrect. [C:\Users\user2\Desktop\PROYECTO FINAL\PROYECTO FINAL.srcs\sources_1\new\Counter.vhd:]
WARNING: [filemgmt 56-199] Attempt to get parsing info during refresh. "On-the-fly" syntax checking information may be incorrect. [C:\Users\user2\Desktop\PROYECTO FINAL\PROYECTO FINAL.srcs\sources_1\new\main.vhd:]
WARNING: [filemgmt 56-199] Attempt to get parsing info during refresh. "On-the-fly" syntax checking information may be incorrect. [C:\Users\user2\Desktop\PROYECTO FINAL\PROYECTO FINAL.srcs\sources_1\new\contador_entrada.vhd:]
WARNING: [filemgmt 56-199] Attempt to get parsing info during refresh. "On-the-fly" syntax checking information may be incorrect. [C:\Users\user2\Desktop\PROYECTO FINAL\PROYECTO FINAL.srcs\sources_1\new\Counter.vhd:]
WARNING: [filemgmt 56-199] Attempt to get parsing info during refresh. "On-the-fly" syntax checking information may be incorrect. [C:\Users\user2\Desktop\PROYECTO FINAL\PROYECTO FINAL.srcs\sources_1\new\main.vhd:]
WARNING: [filemgmt 56-199] Attempt to get parsing info during refresh. "On-the-fly" syntax checking information may be incorrect. [C:\Users\user2\Desktop\PROYECTO FINAL\PROYECTO FINAL.srcs\sources_1\new\contador_entrada.vhd:]
WARNING: [filemgmt 56-199] Attempt to get parsing info during refresh. "On-the-fly" syntax checking information may be incorrect. [C:\Users\user2\Desktop\PROYECTO FINAL\PROYECTO FINAL.srcs\sources_1\new\Counter.vhd:]
WARNING: [filemgmt 56-199] Attempt to get parsing info during refresh. "On-the-fly" syntax checking information may be incorrect. [C:\Users\user2\Desktop\PROYECTO FINAL\PROYECTO FINAL.srcs\sources_1\new\main.vhd:]
reset_run synth_1
INFO: [Project 1-1161] Replacing file C:/Users/user2/Desktop/PROYECTO FINAL/PROYECTO FINAL.srcs/utils_1/imports/synth_1/IR_Sensor.dcp with file C:/Users/user2/Desktop/PROYECTO FINAL/PROYECTO FINAL.runs/synth_1/main.dcp
launch_runs impl_1 -to_step write_bitstream -jobs 12
WARNING: [filemgmt 56-199] Attempt to get parsing info during refresh. "On-the-fly" syntax checking information may be incorrect. [C:\Users\user2\Desktop\PROYECTO FINAL\PROYECTO FINAL.srcs\sources_1\new\contador_entrada.vhd:]
WARNING: [filemgmt 56-199] Attempt to get parsing info during refresh. "On-the-fly" syntax checking information may be incorrect. [C:\Users\user2\Desktop\PROYECTO FINAL\PROYECTO FINAL.srcs\sources_1\new\Counter.vhd:]
WARNING: [filemgmt 56-199] Attempt to get parsing info during refresh. "On-the-fly" syntax checking information may be incorrect. [C:\Users\user2\Desktop\PROYECTO FINAL\PROYECTO FINAL.srcs\sources_1\new\main.vhd:]
[Fri Jun  7 11:54:24 2024] Launched synth_1...
Run output will be captured here: C:/Users/user2/Desktop/PROYECTO FINAL/PROYECTO FINAL.runs/synth_1/runme.log
[Fri Jun  7 11:54:24 2024] Launched impl_1...
Run output will be captured here: C:/Users/user2/Desktop/PROYECTO FINAL/PROYECTO FINAL.runs/impl_1/runme.log
ERROR: [Common 17-180] Spawn failed: No error
WARNING: [filemgmt 56-199] Attempt to get parsing info during refresh. "On-the-fly" syntax checking information may be incorrect. [C:\Users\user2\Desktop\PROYECTO FINAL\PROYECTO FINAL.srcs\sources_1\new\contador_entrada.vhd:]
WARNING: [filemgmt 56-199] Attempt to get parsing info during refresh. "On-the-fly" syntax checking information may be incorrect. [C:\Users\user2\Desktop\PROYECTO FINAL\PROYECTO FINAL.srcs\sources_1\new\Counter.vhd:]
WARNING: [filemgmt 56-199] Attempt to get parsing info during refresh. "On-the-fly" syntax checking information may be incorrect. [C:\Users\user2\Desktop\PROYECTO FINAL\PROYECTO FINAL.srcs\sources_1\new\main.vhd:]
WARNING: [filemgmt 56-199] Attempt to get parsing info during refresh. "On-the-fly" syntax checking information may be incorrect. [C:\Users\user2\Desktop\PROYECTO FINAL\PROYECTO FINAL.srcs\sources_1\new\contador_entrada.vhd:]
WARNING: [filemgmt 56-199] Attempt to get parsing info during refresh. "On-the-fly" syntax checking information may be incorrect. [C:\Users\user2\Desktop\PROYECTO FINAL\PROYECTO FINAL.srcs\sources_1\new\Counter.vhd:]
WARNING: [filemgmt 56-199] Attempt to get parsing info during refresh. "On-the-fly" syntax checking information may be incorrect. [C:\Users\user2\Desktop\PROYECTO FINAL\PROYECTO FINAL.srcs\sources_1\new\main.vhd:]
ERROR: [Common 17-180] Spawn failed: No error
WARNING: [filemgmt 56-199] Attempt to get parsing info during refresh. "On-the-fly" syntax checking information may be incorrect. [C:\Users\user2\Desktop\PROYECTO FINAL\PROYECTO FINAL.srcs\sources_1\new\contador_entrada.vhd:]
WARNING: [filemgmt 56-199] Attempt to get parsing info during refresh. "On-the-fly" syntax checking information may be incorrect. [C:\Users\user2\Desktop\PROYECTO FINAL\PROYECTO FINAL.srcs\sources_1\new\Counter.vhd:]
WARNING: [filemgmt 56-199] Attempt to get parsing info during refresh. "On-the-fly" syntax checking information may be incorrect. [C:\Users\user2\Desktop\PROYECTO FINAL\PROYECTO FINAL.srcs\sources_1\new\main.vhd:]
WARNING: [filemgmt 56-199] Attempt to get parsing info during refresh. "On-the-fly" syntax checking information may be incorrect. [C:\Users\user2\Desktop\PROYECTO FINAL\PROYECTO FINAL.srcs\sources_1\new\contador_entrada.vhd:]
WARNING: [filemgmt 56-199] Attempt to get parsing info during refresh. "On-the-fly" syntax checking information may be incorrect. [C:\Users\user2\Desktop\PROYECTO FINAL\PROYECTO FINAL.srcs\sources_1\new\Counter.vhd:]
WARNING: [filemgmt 56-199] Attempt to get parsing info during refresh. "On-the-fly" syntax checking information may be incorrect. [C:\Users\user2\Desktop\PROYECTO FINAL\PROYECTO FINAL.srcs\sources_1\new\main.vhd:]
reset_run synth_1
ERROR: [Common 17-180] Spawn failed: No error
launch_runs impl_1 -to_step write_bitstream -jobs 12
[Fri Jun  7 11:55:35 2024] Launched synth_1...
Run output will be captured here: C:/Users/user2/Desktop/PROYECTO FINAL/PROYECTO FINAL.runs/synth_1/runme.log
[Fri Jun  7 11:55:35 2024] Launched impl_1...
Run output will be captured here: C:/Users/user2/Desktop/PROYECTO FINAL/PROYECTO FINAL.runs/impl_1/runme.log
WARNING: [filemgmt 56-199] Attempt to get parsing info during refresh. "On-the-fly" syntax checking information may be incorrect. [C:\Users\user2\Desktop\PROYECTO FINAL\PROYECTO FINAL.srcs\sources_1\new\contador_entrada.vhd:]
WARNING: [filemgmt 56-199] Attempt to get parsing info during refresh. "On-the-fly" syntax checking information may be incorrect. [C:\Users\user2\Desktop\PROYECTO FINAL\PROYECTO FINAL.srcs\sources_1\new\Counter.vhd:]
WARNING: [filemgmt 56-199] Attempt to get parsing info during refresh. "On-the-fly" syntax checking information may be incorrect. [C:\Users\user2\Desktop\PROYECTO FINAL\PROYECTO FINAL.srcs\sources_1\new\main.vhd:]
ERROR: [Common 17-180] Spawn failed: No error
WARNING: [filemgmt 56-199] Attempt to get parsing info during refresh. "On-the-fly" syntax checking information may be incorrect. [C:\Users\user2\Desktop\PROYECTO FINAL\PROYECTO FINAL.srcs\sources_1\new\contador_entrada.vhd:]
WARNING: [filemgmt 56-199] Attempt to get parsing info during refresh. "On-the-fly" syntax checking information may be incorrect. [C:\Users\user2\Desktop\PROYECTO FINAL\PROYECTO FINAL.srcs\sources_1\new\Counter.vhd:]
WARNING: [filemgmt 56-199] Attempt to get parsing info during refresh. "On-the-fly" syntax checking information may be incorrect. [C:\Users\user2\Desktop\PROYECTO FINAL\PROYECTO FINAL.srcs\sources_1\new\main.vhd:]
reset_run impl_1
launch_runs impl_1 -to_step write_bitstream -jobs 12
[Fri Jun  7 11:57:47 2024] Launched impl_1...
Run output will be captured here: C:/Users/user2/Desktop/PROYECTO FINAL/PROYECTO FINAL.runs/impl_1/runme.log
reset_run impl_1
launch_runs impl_1 -to_step write_bitstream -jobs 12
[Fri Jun  7 11:58:07 2024] Launched impl_1...
Run output will be captured here: C:/Users/user2/Desktop/PROYECTO FINAL/PROYECTO FINAL.runs/impl_1/runme.log
WARNING: [filemgmt 56-199] Attempt to get parsing info during refresh. "On-the-fly" syntax checking information may be incorrect. [C:\Users\user2\Desktop\PROYECTO FINAL\PROYECTO FINAL.srcs\sources_1\new\contador_entrada.vhd:]
WARNING: [filemgmt 56-199] Attempt to get parsing info during refresh. "On-the-fly" syntax checking information may be incorrect. [C:\Users\user2\Desktop\PROYECTO FINAL\PROYECTO FINAL.srcs\sources_1\new\Counter.vhd:]
WARNING: [filemgmt 56-199] Attempt to get parsing info during refresh. "On-the-fly" syntax checking information may be incorrect. [C:\Users\user2\Desktop\PROYECTO FINAL\PROYECTO FINAL.srcs\sources_1\new\main.vhd:]
ERROR: [Common 17-180] Spawn failed: No error
WARNING: [filemgmt 56-199] Attempt to get parsing info during refresh. "On-the-fly" syntax checking information may be incorrect. [C:\Users\user2\Desktop\PROYECTO FINAL\PROYECTO FINAL.srcs\sources_1\new\contador_entrada.vhd:]
WARNING: [filemgmt 56-199] Attempt to get parsing info during refresh. "On-the-fly" syntax checking information may be incorrect. [C:\Users\user2\Desktop\PROYECTO FINAL\PROYECTO FINAL.srcs\sources_1\new\Counter.vhd:]
WARNING: [filemgmt 56-199] Attempt to get parsing info during refresh. "On-the-fly" syntax checking information may be incorrect. [C:\Users\user2\Desktop\PROYECTO FINAL\PROYECTO FINAL.srcs\sources_1\new\main.vhd:]
WARNING: [filemgmt 56-199] Attempt to get parsing info during refresh. "On-the-fly" syntax checking information may be incorrect. [C:\Users\user2\Desktop\PROYECTO FINAL\PROYECTO FINAL.srcs\sources_1\new\contador_entrada.vhd:]
WARNING: [filemgmt 56-199] Attempt to get parsing info during refresh. "On-the-fly" syntax checking information may be incorrect. [C:\Users\user2\Desktop\PROYECTO FINAL\PROYECTO FINAL.srcs\sources_1\new\Counter.vhd:]
WARNING: [filemgmt 56-199] Attempt to get parsing info during refresh. "On-the-fly" syntax checking information may be incorrect. [C:\Users\user2\Desktop\PROYECTO FINAL\PROYECTO FINAL.srcs\sources_1\new\main.vhd:]
update_compile_order -fileset sources_1
WARNING: [filemgmt 56-199] Attempt to get parsing info during refresh. "On-the-fly" syntax checking information may be incorrect. [C:\Users\user2\Desktop\PROYECTO FINAL\PROYECTO FINAL.srcs\sources_1\new\contador_entrada.vhd:]
WARNING: [filemgmt 56-199] Attempt to get parsing info during refresh. "On-the-fly" syntax checking information may be incorrect. [C:\Users\user2\Desktop\PROYECTO FINAL\PROYECTO FINAL.srcs\sources_1\new\Counter.vhd:]
WARNING: [filemgmt 56-199] Attempt to get parsing info during refresh. "On-the-fly" syntax checking information may be incorrect. [C:\Users\user2\Desktop\PROYECTO FINAL\PROYECTO FINAL.srcs\sources_1\new\main.vhd:]
WARNING: [filemgmt 56-199] Attempt to get parsing info during refresh. "On-the-fly" syntax checking information may be incorrect. [C:\Users\user2\Desktop\PROYECTO FINAL\PROYECTO FINAL.srcs\sources_1\new\contador_entrada.vhd:]
WARNING: [filemgmt 56-199] Attempt to get parsing info during refresh. "On-the-fly" syntax checking information may be incorrect. [C:\Users\user2\Desktop\PROYECTO FINAL\PROYECTO FINAL.srcs\sources_1\new\Counter.vhd:]
WARNING: [filemgmt 56-199] Attempt to get parsing info during refresh. "On-the-fly" syntax checking information may be incorrect. [C:\Users\user2\Desktop\PROYECTO FINAL\PROYECTO FINAL.srcs\sources_1\new\main.vhd:]
WARNING: [filemgmt 56-199] Attempt to get parsing info during refresh. "On-the-fly" syntax checking information may be incorrect. [C:\Users\user2\Desktop\PROYECTO FINAL\PROYECTO FINAL.srcs\sources_1\new\contador_entrada.vhd:]
WARNING: [filemgmt 56-199] Attempt to get parsing info during refresh. "On-the-fly" syntax checking information may be incorrect. [C:\Users\user2\Desktop\PROYECTO FINAL\PROYECTO FINAL.srcs\sources_1\new\Counter.vhd:]
WARNING: [filemgmt 56-199] Attempt to get parsing info during refresh. "On-the-fly" syntax checking information may be incorrect. [C:\Users\user2\Desktop\PROYECTO FINAL\PROYECTO FINAL.srcs\sources_1\new\main.vhd:]
ERROR: [Common 17-180] Spawn failed: No error
WARNING: [filemgmt 56-199] Attempt to get parsing info during refresh. "On-the-fly" syntax checking information may be incorrect. [C:\Users\user2\Desktop\PROYECTO FINAL\PROYECTO FINAL.srcs\sources_1\new\contador_entrada.vhd:]
WARNING: [filemgmt 56-199] Attempt to get parsing info during refresh. "On-the-fly" syntax checking information may be incorrect. [C:\Users\user2\Desktop\PROYECTO FINAL\PROYECTO FINAL.srcs\sources_1\new\Counter.vhd:]
WARNING: [filemgmt 56-199] Attempt to get parsing info during refresh. "On-the-fly" syntax checking information may be incorrect. [C:\Users\user2\Desktop\PROYECTO FINAL\PROYECTO FINAL.srcs\sources_1\new\main.vhd:]
reset_run synth_1
INFO: [Project 1-1161] Replacing file C:/Users/user2/Desktop/PROYECTO FINAL/PROYECTO FINAL.srcs/utils_1/imports/synth_1/IR_Sensor.dcp with file C:/Users/user2/Desktop/PROYECTO FINAL/PROYECTO FINAL.runs/synth_1/main.dcp
WARNING: [filemgmt 56-199] Attempt to get parsing info during refresh. "On-the-fly" syntax checking information may be incorrect. [C:\Users\user2\Desktop\PROYECTO FINAL\PROYECTO FINAL.srcs\sources_1\new\contador_entrada.vhd:]
WARNING: [filemgmt 56-199] Attempt to get parsing info during refresh. "On-the-fly" syntax checking information may be incorrect. [C:\Users\user2\Desktop\PROYECTO FINAL\PROYECTO FINAL.srcs\sources_1\new\Counter.vhd:]
WARNING: [filemgmt 56-199] Attempt to get parsing info during refresh. "On-the-fly" syntax checking information may be incorrect. [C:\Users\user2\Desktop\PROYECTO FINAL\PROYECTO FINAL.srcs\sources_1\new\main.vhd:]
launch_runs impl_1 -to_step write_bitstream -jobs 12
[Fri Jun  7 12:06:43 2024] Launched synth_1...
Run output will be captured here: C:/Users/user2/Desktop/PROYECTO FINAL/PROYECTO FINAL.runs/synth_1/runme.log
[Fri Jun  7 12:06:43 2024] Launched impl_1...
Run output will be captured here: C:/Users/user2/Desktop/PROYECTO FINAL/PROYECTO FINAL.runs/impl_1/runme.log
ERROR: [Common 17-180] Spawn failed: No error
WARNING: [filemgmt 56-199] Attempt to get parsing info during refresh. "On-the-fly" syntax checking information may be incorrect. [C:\Users\user2\Desktop\PROYECTO FINAL\PROYECTO FINAL.srcs\sources_1\new\contador_entrada.vhd:]
WARNING: [filemgmt 56-199] Attempt to get parsing info during refresh. "On-the-fly" syntax checking information may be incorrect. [C:\Users\user2\Desktop\PROYECTO FINAL\PROYECTO FINAL.srcs\sources_1\new\Counter.vhd:]
WARNING: [filemgmt 56-199] Attempt to get parsing info during refresh. "On-the-fly" syntax checking information may be incorrect. [C:\Users\user2\Desktop\PROYECTO FINAL\PROYECTO FINAL.srcs\sources_1\new\main.vhd:]
set_property PROBES.FILE {} [get_hw_devices xc7a35t_0]
set_property FULL_PROBES.FILE {} [get_hw_devices xc7a35t_0]
set_property PROGRAM.FILE {C:/Users/user2/Desktop/PROYECTO FINAL/PROYECTO FINAL.runs/impl_1/main.bit} [get_hw_devices xc7a35t_0]
program_hw_devices [get_hw_devices xc7a35t_0]
INFO: [Labtools 27-3164] End of startup status: HIGH
refresh_hw_device [lindex [get_hw_devices xc7a35t_0] 0]
INFO: [Labtools 27-1434] Device xc7a35t (JTAG device index = 0) is programmed with a design that has no supported debug core(s) in it.
WARNING: [filemgmt 56-199] Attempt to get parsing info during refresh. "On-the-fly" syntax checking information may be incorrect. [C:\Users\user2\Desktop\PROYECTO FINAL\PROYECTO FINAL.srcs\sources_1\new\contador_entrada.vhd:]
WARNING: [filemgmt 56-199] Attempt to get parsing info during refresh. "On-the-fly" syntax checking information may be incorrect. [C:\Users\user2\Desktop\PROYECTO FINAL\PROYECTO FINAL.srcs\sources_1\new\Counter.vhd:]
WARNING: [filemgmt 56-199] Attempt to get parsing info during refresh. "On-the-fly" syntax checking information may be incorrect. [C:\Users\user2\Desktop\PROYECTO FINAL\PROYECTO FINAL.srcs\sources_1\new\main.vhd:]
reset_run synth_1
INFO: [Project 1-1161] Replacing file C:/Users/user2/Desktop/PROYECTO FINAL/PROYECTO FINAL.srcs/utils_1/imports/synth_1/IR_Sensor.dcp with file C:/Users/user2/Desktop/PROYECTO FINAL/PROYECTO FINAL.runs/synth_1/main.dcp
launch_runs impl_1 -to_step write_bitstream -jobs 12
[Fri Jun  7 12:09:22 2024] Launched synth_1...
Run output will be captured here: C:/Users/user2/Desktop/PROYECTO FINAL/PROYECTO FINAL.runs/synth_1/runme.log
[Fri Jun  7 12:09:22 2024] Launched impl_1...
Run output will be captured here: C:/Users/user2/Desktop/PROYECTO FINAL/PROYECTO FINAL.runs/impl_1/runme.log
WARNING: [filemgmt 56-199] Attempt to get parsing info during refresh. "On-the-fly" syntax checking information may be incorrect. [C:\Users\user2\Desktop\PROYECTO FINAL\PROYECTO FINAL.srcs\sources_1\new\contador_entrada.vhd:]
WARNING: [filemgmt 56-199] Attempt to get parsing info during refresh. "On-the-fly" syntax checking information may be incorrect. [C:\Users\user2\Desktop\PROYECTO FINAL\PROYECTO FINAL.srcs\sources_1\new\Counter.vhd:]
WARNING: [filemgmt 56-199] Attempt to get parsing info during refresh. "On-the-fly" syntax checking information may be incorrect. [C:\Users\user2\Desktop\PROYECTO FINAL\PROYECTO FINAL.srcs\sources_1\new\main.vhd:]
ERROR: [Common 17-180] Spawn failed: No error
WARNING: [filemgmt 56-199] Attempt to get parsing info during refresh. "On-the-fly" syntax checking information may be incorrect. [C:\Users\user2\Desktop\PROYECTO FINAL\PROYECTO FINAL.srcs\sources_1\new\contador_entrada.vhd:]
WARNING: [filemgmt 56-199] Attempt to get parsing info during refresh. "On-the-fly" syntax checking information may be incorrect. [C:\Users\user2\Desktop\PROYECTO FINAL\PROYECTO FINAL.srcs\sources_1\new\Counter.vhd:]
WARNING: [filemgmt 56-199] Attempt to get parsing info during refresh. "On-the-fly" syntax checking information may be incorrect. [C:\Users\user2\Desktop\PROYECTO FINAL\PROYECTO FINAL.srcs\sources_1\new\main.vhd:]
set_property PROBES.FILE {} [get_hw_devices xc7a35t_0]
set_property FULL_PROBES.FILE {} [get_hw_devices xc7a35t_0]
set_property PROGRAM.FILE {C:/Users/user2/Desktop/PROYECTO FINAL/PROYECTO FINAL.runs/impl_1/main.bit} [get_hw_devices xc7a35t_0]
program_hw_devices [get_hw_devices xc7a35t_0]
INFO: [Labtools 27-3164] End of startup status: HIGH
refresh_hw_device [lindex [get_hw_devices xc7a35t_0] 0]
INFO: [Labtools 27-1434] Device xc7a35t (JTAG device index = 0) is programmed with a design that has no supported debug core(s) in it.
reset_run synth_1
INFO: [Project 1-1161] Replacing file C:/Users/user2/Desktop/PROYECTO FINAL/PROYECTO FINAL.srcs/utils_1/imports/synth_1/IR_Sensor.dcp with file C:/Users/user2/Desktop/PROYECTO FINAL/PROYECTO FINAL.runs/synth_1/main.dcp
launch_runs impl_1 -to_step write_bitstream -jobs 12
[Fri Jun  7 12:11:34 2024] Launched synth_1...
Run output will be captured here: C:/Users/user2/Desktop/PROYECTO FINAL/PROYECTO FINAL.runs/synth_1/runme.log
[Fri Jun  7 12:11:34 2024] Launched impl_1...
Run output will be captured here: C:/Users/user2/Desktop/PROYECTO FINAL/PROYECTO FINAL.runs/impl_1/runme.log
WARNING: [filemgmt 56-199] Attempt to get parsing info during refresh. "On-the-fly" syntax checking information may be incorrect. [C:\Users\user2\Desktop\PROYECTO FINAL\PROYECTO FINAL.srcs\sources_1\new\contador_entrada.vhd:]
WARNING: [filemgmt 56-199] Attempt to get parsing info during refresh. "On-the-fly" syntax checking information may be incorrect. [C:\Users\user2\Desktop\PROYECTO FINAL\PROYECTO FINAL.srcs\sources_1\new\Counter.vhd:]
WARNING: [filemgmt 56-199] Attempt to get parsing info during refresh. "On-the-fly" syntax checking information may be incorrect. [C:\Users\user2\Desktop\PROYECTO FINAL\PROYECTO FINAL.srcs\sources_1\new\main.vhd:]
ERROR: [Common 17-180] Spawn failed: No error
WARNING: [filemgmt 56-199] Attempt to get parsing info during refresh. "On-the-fly" syntax checking information may be incorrect. [C:\Users\user2\Desktop\PROYECTO FINAL\PROYECTO FINAL.srcs\sources_1\new\contador_entrada.vhd:]
WARNING: [filemgmt 56-199] Attempt to get parsing info during refresh. "On-the-fly" syntax checking information may be incorrect. [C:\Users\user2\Desktop\PROYECTO FINAL\PROYECTO FINAL.srcs\sources_1\new\Counter.vhd:]
WARNING: [filemgmt 56-199] Attempt to get parsing info during refresh. "On-the-fly" syntax checking information may be incorrect. [C:\Users\user2\Desktop\PROYECTO FINAL\PROYECTO FINAL.srcs\sources_1\new\main.vhd:]
set_property PROBES.FILE {} [get_hw_devices xc7a35t_0]
set_property FULL_PROBES.FILE {} [get_hw_devices xc7a35t_0]
set_property PROGRAM.FILE {C:/Users/user2/Desktop/PROYECTO FINAL/PROYECTO FINAL.runs/impl_1/main.bit} [get_hw_devices xc7a35t_0]
program_hw_devices [get_hw_devices xc7a35t_0]
INFO: [Labtools 27-3164] End of startup status: HIGH
refresh_hw_device [lindex [get_hw_devices xc7a35t_0] 0]
INFO: [Labtools 27-1434] Device xc7a35t (JTAG device index = 0) is programmed with a design that has no supported debug core(s) in it.
export_ip_user_files -of_objects  [get_files {{C:/Users/user2/Desktop/PROYECTO FINAL/PROYECTO FINAL.srcs/sources_1/new/contador_entrada.vhd}}] -no_script -reset -force -quiet
remove_files  {{C:/Users/user2/Desktop/PROYECTO FINAL/PROYECTO FINAL.srcs/sources_1/new/contador_entrada.vhd}}
exit
INFO: [Common 17-206] Exiting Vivado at Fri Jun  7 12:17:43 2024...
